{"meta": {"format": 3, "version": "7.8.2", "timestamp": "2025-06-05T02:34:46.889644", "branch_coverage": true, "show_contexts": false}, "files": {"conduit/__init__.py": {"executed_lines": [1], "summary": {"covered_lines": 0, "num_statements": 0, "percent_covered": 100.0, "percent_covered_display": "100", "missing_lines": 0, "excluded_lines": 0, "num_branches": 0, "num_partial_branches": 0, "covered_branches": 0, "missing_branches": 0}, "missing_lines": [], "excluded_lines": [], "executed_branches": [], "missing_branches": [], "functions": {"": {"executed_lines": [1], "summary": {"covered_lines": 0, "num_statements": 0, "percent_covered": 100.0, "percent_covered_display": "100", "missing_lines": 0, "excluded_lines": 0, "num_branches": 0, "num_partial_branches": 0, "covered_branches": 0, "missing_branches": 0}, "missing_lines": [], "excluded_lines": [], "executed_branches": [], "missing_branches": []}}, "classes": {"": {"executed_lines": [1], "summary": {"covered_lines": 0, "num_statements": 0, "percent_covered": 100.0, "percent_covered_display": "100", "missing_lines": 0, "excluded_lines": 0, "num_branches": 0, "num_partial_branches": 0, "covered_branches": 0, "missing_branches": 0}, "missing_lines": [], "excluded_lines": [], "executed_branches": [], "missing_branches": []}}}, "conduit/app.py": {"executed_lines": [2, 3, 4, 6, 7, 8, 11, 17, 18, 19, 20, 21, 22, 23, 24, 25, 28, 30, 31, 32, 33, 34, 37, 39, 40, 41, 42, 44, 45, 46, 49, 51, 52, 53, 54, 56, 59, 61, 72, 75, 77, 78, 79, 80], "summary": {"covered_lines": 43, "num_statements": 44, "percent_covered": 97.72727272727273, "percent_covered_display": "98", "missing_lines": 1, "excluded_lines": 0, "num_branches": 0, "num_partial_branches": 0, "covered_branches": 0, "missing_branches": 0}, "missing_lines": [63], "excluded_lines": [], "executed_branches": [], "missing_branches": [], "functions": {"create_app": {"executed_lines": [17, 18, 19, 20, 21, 22, 23, 24, 25], "summary": {"covered_lines": 9, "num_statements": 9, "percent_covered": 100.0, "percent_covered_display": "100", "missing_lines": 0, "excluded_lines": 0, "num_branches": 0, "num_partial_branches": 0, "covered_branches": 0, "missing_branches": 0}, "missing_lines": [], "excluded_lines": [], "executed_branches": [], "missing_branches": []}, "register_extensions": {"executed_lines": [30, 31, 32, 33, 34], "summary": {"covered_lines": 5, "num_statements": 5, "percent_covered": 100.0, "percent_covered_display": "100", "missing_lines": 0, "excluded_lines": 0, "num_branches": 0, "num_partial_branches": 0, "covered_branches": 0, "missing_branches": 0}, "missing_lines": [], "excluded_lines": [], "executed_branches": [], "missing_branches": []}, "register_blueprints": {"executed_lines": [39, 40, 41, 42, 44, 45, 46], "summary": {"covered_lines": 7, "num_statements": 7, "percent_covered": 100.0, "percent_covered_display": "100", "missing_lines": 0, "excluded_lines": 0, "num_branches": 0, "num_partial_branches": 0, "covered_branches": 0, "missing_branches": 0}, "missing_lines": [], "excluded_lines": [], "executed_branches": [], "missing_branches": []}, "register_errorhandlers": {"executed_lines": [51, 56], "summary": {"covered_lines": 2, "num_statements": 2, "percent_covered": 100.0, "percent_covered_display": "100", "missing_lines": 0, "excluded_lines": 0, "num_branches": 0, "num_partial_branches": 0, "covered_branches": 0, "missing_branches": 0}, "missing_lines": [], "excluded_lines": [], "executed_branches": [], "missing_branches": []}, "register_errorhandlers.errorhandler": {"executed_lines": [52, 53, 54], "summary": {"covered_lines": 3, "num_statements": 3, "percent_covered": 100.0, "percent_covered_display": "100", "missing_lines": 0, "excluded_lines": 0, "num_branches": 0, "num_partial_branches": 0, "covered_branches": 0, "missing_branches": 0}, "missing_lines": [], "excluded_lines": [], "executed_branches": [], "missing_branches": []}, "register_shellcontext": {"executed_lines": [61, 72], "summary": {"covered_lines": 2, "num_statements": 2, "percent_covered": 100.0, "percent_covered_display": "100", "missing_lines": 0, "excluded_lines": 0, "num_branches": 0, "num_partial_branches": 0, "covered_branches": 0, "missing_branches": 0}, "missing_lines": [], "excluded_lines": [], "executed_branches": [], "missing_branches": []}, "register_shellcontext.shell_context": {"executed_lines": [], "summary": {"covered_lines": 0, "num_statements": 1, "percent_covered": 0.0, "percent_covered_display": "0", "missing_lines": 1, "excluded_lines": 0, "num_branches": 0, "num_partial_branches": 0, "covered_branches": 0, "missing_branches": 0}, "missing_lines": [63], "excluded_lines": [], "executed_branches": [], "missing_branches": []}, "register_commands": {"executed_lines": [77, 78, 79, 80], "summary": {"covered_lines": 4, "num_statements": 4, "percent_covered": 100.0, "percent_covered_display": "100", "missing_lines": 0, "excluded_lines": 0, "num_branches": 0, "num_partial_branches": 0, "covered_branches": 0, "missing_branches": 0}, "missing_lines": [], "excluded_lines": [], "executed_branches": [], "missing_branches": []}, "": {"executed_lines": [2, 3, 4, 6, 7, 8, 11, 28, 37, 49, 59, 75], "summary": {"covered_lines": 11, "num_statements": 11, "percent_covered": 100.0, "percent_covered_display": "100", "missing_lines": 0, "excluded_lines": 0, "num_branches": 0, "num_partial_branches": 0, "covered_branches": 0, "missing_branches": 0}, "missing_lines": [], "excluded_lines": [], "executed_branches": [], "missing_branches": []}}, "classes": {"": {"executed_lines": [2, 3, 4, 6, 7, 8, 11, 17, 18, 19, 20, 21, 22, 23, 24, 25, 28, 30, 31, 32, 33, 34, 37, 39, 40, 41, 42, 44, 45, 46, 49, 51, 52, 53, 54, 56, 59, 61, 72, 75, 77, 78, 79, 80], "summary": {"covered_lines": 43, "num_statements": 44, "percent_covered": 97.72727272727273, "percent_covered_display": "98", "missing_lines": 1, "excluded_lines": 0, "num_branches": 0, "num_partial_branches": 0, "covered_branches": 0, "missing_branches": 0}, "missing_lines": [63], "excluded_lines": [], "executed_branches": [], "missing_branches": []}}}, "conduit/articles/__init__.py": {"executed_lines": [3], "summary": {"covered_lines": 1, "num_statements": 1, "percent_covered": 100.0, "percent_covered_display": "100", "missing_lines": 0, "excluded_lines": 0, "num_branches": 0, "num_partial_branches": 0, "covered_branches": 0, "missing_branches": 0}, "missing_lines": [], "excluded_lines": [], "executed_branches": [], "missing_branches": [], "functions": {"": {"executed_lines": [3], "summary": {"covered_lines": 1, "num_statements": 1, "percent_covered": 100.0, "percent_covered_display": "100", "missing_lines": 0, "excluded_lines": 0, "num_branches": 0, "num_partial_branches": 0, "covered_branches": 0, "missing_branches": 0}, "missing_lines": [], "excluded_lines": [], "executed_branches": [], "missing_branches": []}}, "classes": {"": {"executed_lines": [3], "summary": {"covered_lines": 1, "num_statements": 1, "percent_covered": 100.0, "percent_covered_display": "100", "missing_lines": 0, "excluded_lines": 0, "num_branches": 0, "num_partial_branches": 0, "covered_branches": 0, "missing_branches": 0}, "missing_lines": [], "excluded_lines": [], "executed_branches": [], "missing_branches": []}}}, "conduit/articles/models.py": {"executed_lines": [3, 5, 6, 8, 10, 12, 16, 21, 22, 24, 25, 27, 30, 34, 35, 37, 38, 39, 40, 41, 42, 43, 45, 49, 50, 52, 53, 54, 55, 56, 57, 58, 59, 60, 61, 67, 70, 72, 76, 82, 88, 91, 97, 103, 104, 107, 108], "summary": {"covered_lines": 47, "num_statements": 73, "percent_covered": 56.626506024096386, "percent_covered_display": "57", "missing_lines": 26, "excluded_lines": 0, "num_branches": 10, "num_partial_branches": 0, "covered_branches": 0, "missing_branches": 10}, "missing_lines": [28, 31, 46, 73, 77, 78, 79, 80, 83, 84, 85, 86, 89, 92, 93, 94, 95, 98, 99, 100, 101, 105, 109, 110, 111, 112], "excluded_lines": [], "executed_branches": [], "missing_branches": [[77, 78], [77, 80], [83, 84], [83, 86], [92, 93], [92, 95], [98, 99], [98, 101], [109, 110], [109, 112]], "functions": {"Tags.__init__": {"executed_lines": [], "summary": {"covered_lines": 0, "num_statements": 1, "percent_covered": 0.0, "percent_covered_display": "0", "missing_lines": 1, "excluded_lines": 0, "num_branches": 0, "num_partial_branches": 0, "covered_branches": 0, "missing_branches": 0}, "missing_lines": [28], "excluded_lines": [], "executed_branches": [], "missing_branches": []}, "Tags.__repr__": {"executed_lines": [], "summary": {"covered_lines": 0, "num_statements": 1, "percent_covered": 0.0, "percent_covered_display": "0", "missing_lines": 1, "excluded_lines": 0, "num_branches": 0, "num_partial_branches": 0, "covered_branches": 0, "missing_branches": 0}, "missing_lines": [31], "excluded_lines": [], "executed_branches": [], "missing_branches": []}, "Comment.__init__": {"executed_lines": [], "summary": {"covered_lines": 0, "num_statements": 1, "percent_covered": 0.0, "percent_covered_display": "0", "missing_lines": 1, "excluded_lines": 0, "num_branches": 0, "num_partial_branches": 0, "covered_branches": 0, "missing_branches": 0}, "missing_lines": [46], "excluded_lines": [], "executed_branches": [], "missing_branches": []}, "Article.__init__": {"executed_lines": [], "summary": {"covered_lines": 0, "num_statements": 1, "percent_covered": 0.0, "percent_covered_display": "0", "missing_lines": 1, "excluded_lines": 0, "num_branches": 0, "num_partial_branches": 0, "covered_branches": 0, "missing_branches": 0}, "missing_lines": [73], "excluded_lines": [], "executed_branches": [], "missing_branches": []}, "Article.favourite": {"executed_lines": [], "summary": {"covered_lines": 0, "num_statements": 4, "percent_covered": 0.0, "percent_covered_display": "0", "missing_lines": 4, "excluded_lines": 0, "num_branches": 2, "num_partial_branches": 0, "covered_branches": 0, "missing_branches": 2}, "missing_lines": [77, 78, 79, 80], "excluded_lines": [], "executed_branches": [], "missing_branches": [[77, 78], [77, 80]]}, "Article.unfavourite": {"executed_lines": [], "summary": {"covered_lines": 0, "num_statements": 4, "percent_covered": 0.0, "percent_covered_display": "0", "missing_lines": 4, "excluded_lines": 0, "num_branches": 2, "num_partial_branches": 0, "covered_branches": 0, "missing_branches": 2}, "missing_lines": [83, 84, 85, 86], "excluded_lines": [], "executed_branches": [], "missing_branches": [[83, 84], [83, 86]]}, "Article.is_favourite": {"executed_lines": [], "summary": {"covered_lines": 0, "num_statements": 1, "percent_covered": 0.0, "percent_covered_display": "0", "missing_lines": 1, "excluded_lines": 0, "num_branches": 0, "num_partial_branches": 0, "covered_branches": 0, "missing_branches": 0}, "missing_lines": [89], "excluded_lines": [], "executed_branches": [], "missing_branches": []}, "Article.add_tag": {"executed_lines": [], "summary": {"covered_lines": 0, "num_statements": 4, "percent_covered": 0.0, "percent_covered_display": "0", "missing_lines": 4, "excluded_lines": 0, "num_branches": 2, "num_partial_branches": 0, "covered_branches": 0, "missing_branches": 2}, "missing_lines": [92, 93, 94, 95], "excluded_lines": [], "executed_branches": [], "missing_branches": [[92, 93], [92, 95]]}, "Article.remove_tag": {"executed_lines": [], "summary": {"covered_lines": 0, "num_statements": 4, "percent_covered": 0.0, "percent_covered_display": "0", "missing_lines": 4, "excluded_lines": 0, "num_branches": 2, "num_partial_branches": 0, "covered_branches": 0, "missing_branches": 2}, "missing_lines": [98, 99, 100, 101], "excluded_lines": [], "executed_branches": [], "missing_branches": [[98, 99], [98, 101]]}, "Article.favoritesCount": {"executed_lines": [], "summary": {"covered_lines": 0, "num_statements": 1, "percent_covered": 0.0, "percent_covered_display": "0", "missing_lines": 1, "excluded_lines": 0, "num_branches": 0, "num_partial_branches": 0, "covered_branches": 0, "missing_branches": 0}, "missing_lines": [105], "excluded_lines": [], "executed_branches": [], "missing_branches": []}, "Article.favorited": {"executed_lines": [], "summary": {"covered_lines": 0, "num_statements": 4, "percent_covered": 0.0, "percent_covered_display": "0", "missing_lines": 4, "excluded_lines": 0, "num_branches": 2, "num_partial_branches": 0, "covered_branches": 0, "missing_branches": 2}, "missing_lines": [109, 110, 111, 112], "excluded_lines": [], "executed_branches": [], "missing_branches": [[109, 110], [109, 112]]}, "": {"executed_lines": [3, 5, 6, 8, 10, 12, 16, 21, 22, 24, 25, 27, 30, 34, 35, 37, 38, 39, 40, 41, 42, 43, 45, 49, 50, 52, 53, 54, 55, 56, 57, 58, 59, 60, 61, 67, 70, 72, 76, 82, 88, 91, 97, 103, 104, 107, 108], "summary": {"covered_lines": 47, "num_statements": 47, "percent_covered": 100.0, "percent_covered_display": "100", "missing_lines": 0, "excluded_lines": 0, "num_branches": 0, "num_partial_branches": 0, "covered_branches": 0, "missing_branches": 0}, "missing_lines": [], "excluded_lines": [], "executed_branches": [], "missing_branches": []}}, "classes": {"Tags": {"executed_lines": [], "summary": {"covered_lines": 0, "num_statements": 2, "percent_covered": 0.0, "percent_covered_display": "0", "missing_lines": 2, "excluded_lines": 0, "num_branches": 0, "num_partial_branches": 0, "covered_branches": 0, "missing_branches": 0}, "missing_lines": [28, 31], "excluded_lines": [], "executed_branches": [], "missing_branches": []}, "Comment": {"executed_lines": [], "summary": {"covered_lines": 0, "num_statements": 1, "percent_covered": 0.0, "percent_covered_display": "0", "missing_lines": 1, "excluded_lines": 0, "num_branches": 0, "num_partial_branches": 0, "covered_branches": 0, "missing_branches": 0}, "missing_lines": [46], "excluded_lines": [], "executed_branches": [], "missing_branches": []}, "Article": {"executed_lines": [], "summary": {"covered_lines": 0, "num_statements": 23, "percent_covered": 0.0, "percent_covered_display": "0", "missing_lines": 23, "excluded_lines": 0, "num_branches": 10, "num_partial_branches": 0, "covered_branches": 0, "missing_branches": 10}, "missing_lines": [73, 77, 78, 79, 80, 83, 84, 85, 86, 89, 92, 93, 94, 95, 98, 99, 100, 101, 105, 109, 110, 111, 112], "excluded_lines": [], "executed_branches": [], "missing_branches": [[77, 78], [77, 80], [83, 84], [83, 86], [92, 93], [92, 95], [98, 99], [98, 101], [109, 110], [109, 112]]}, "": {"executed_lines": [3, 5, 6, 8, 10, 12, 16, 21, 22, 24, 25, 27, 30, 34, 35, 37, 38, 39, 40, 41, 42, 43, 45, 49, 50, 52, 53, 54, 55, 56, 57, 58, 59, 60, 61, 67, 70, 72, 76, 82, 88, 91, 97, 103, 104, 107, 108], "summary": {"covered_lines": 47, "num_statements": 47, "percent_covered": 100.0, "percent_covered_display": "100", "missing_lines": 0, "excluded_lines": 0, "num_branches": 0, "num_partial_branches": 0, "covered_branches": 0, "missing_branches": 0}, "missing_lines": [], "excluded_lines": [], "executed_branches": [], "missing_branches": []}}}, "conduit/articles/serializers.py": {"executed_lines": [3, 5, 8, 9, 12, 13, 14, 15, 16, 17, 18, 19, 20, 21, 22, 23, 25, 26, 29, 30, 34, 35, 38, 40, 41, 45, 46, 47, 50, 51, 52, 53, 54, 55, 58, 60, 61, 64, 65, 69, 70, 73, 75, 76, 80, 81, 85, 86, 87, 88], "summary": {"covered_lines": 50, "num_statements": 61, "percent_covered": 81.9672131147541, "percent_covered_display": "82", "missing_lines": 11, "excluded_lines": 0, "num_branches": 0, "num_partial_branches": 0, "covered_branches": 0, "missing_branches": 0}, "missing_lines": [27, 31, 32, 42, 43, 62, 66, 67, 77, 78, 82], "excluded_lines": [], "executed_branches": [], "missing_branches": [], "functions": {"ArticleSchema.make_article": {"executed_lines": [], "summary": {"covered_lines": 0, "num_statements": 1, "percent_covered": 0.0, "percent_covered_display": "0", "missing_lines": 1, "excluded_lines": 0, "num_branches": 0, "num_partial_branches": 0, "covered_branches": 0, "missing_branches": 0}, "missing_lines": [27], "excluded_lines": [], "executed_branches": [], "missing_branches": []}, "ArticleSchema.dump_article": {"executed_lines": [], "summary": {"covered_lines": 0, "num_statements": 2, "percent_covered": 0.0, "percent_covered_display": "0", "missing_lines": 2, "excluded_lines": 0, "num_branches": 0, "num_partial_branches": 0, "covered_branches": 0, "missing_branches": 0}, "missing_lines": [31, 32], "excluded_lines": [], "executed_branches": [], "missing_branches": []}, "ArticleSchemas.dump_article": {"executed_lines": [], "summary": {"covered_lines": 0, "num_statements": 2, "percent_covered": 0.0, "percent_covered_display": "0", "missing_lines": 2, "excluded_lines": 0, "num_branches": 0, "num_partial_branches": 0, "covered_branches": 0, "missing_branches": 0}, "missing_lines": [42, 43], "excluded_lines": [], "executed_branches": [], "missing_branches": []}, "ArticleSchemas.dump_articles": {"executed_lines": [47], "summary": {"covered_lines": 1, "num_statements": 1, "percent_covered": 100.0, "percent_covered_display": "100", "missing_lines": 0, "excluded_lines": 0, "num_branches": 0, "num_partial_branches": 0, "covered_branches": 0, "missing_branches": 0}, "missing_lines": [], "excluded_lines": [], "executed_branches": [], "missing_branches": []}, "CommentSchema.make_comment": {"executed_lines": [], "summary": {"covered_lines": 0, "num_statements": 1, "percent_covered": 0.0, "percent_covered_display": "0", "missing_lines": 1, "excluded_lines": 0, "num_branches": 0, "num_partial_branches": 0, "covered_branches": 0, "missing_branches": 0}, "missing_lines": [62], "excluded_lines": [], "executed_branches": [], "missing_branches": []}, "CommentSchema.dump_comment": {"executed_lines": [], "summary": {"covered_lines": 0, "num_statements": 2, "percent_covered": 0.0, "percent_covered_display": "0", "missing_lines": 2, "excluded_lines": 0, "num_branches": 0, "num_partial_branches": 0, "covered_branches": 0, "missing_branches": 0}, "missing_lines": [66, 67], "excluded_lines": [], "executed_branches": [], "missing_branches": []}, "CommentsSchema.dump_comment": {"executed_lines": [], "summary": {"covered_lines": 0, "num_statements": 2, "percent_covered": 0.0, "percent_covered_display": "0", "missing_lines": 2, "excluded_lines": 0, "num_branches": 0, "num_partial_branches": 0, "covered_branches": 0, "missing_branches": 0}, "missing_lines": [77, 78], "excluded_lines": [], "executed_branches": [], "missing_branches": []}, "CommentsSchema.make_comment": {"executed_lines": [], "summary": {"covered_lines": 0, "num_statements": 1, "percent_covered": 0.0, "percent_covered_display": "0", "missing_lines": 1, "excluded_lines": 0, "num_branches": 0, "num_partial_branches": 0, "covered_branches": 0, "missing_branches": 0}, "missing_lines": [82], "excluded_lines": [], "executed_branches": [], "missing_branches": []}, "": {"executed_lines": [3, 5, 8, 9, 12, 13, 14, 15, 16, 17, 18, 19, 20, 21, 22, 23, 25, 26, 29, 30, 34, 35, 38, 40, 41, 45, 46, 50, 51, 52, 53, 54, 55, 58, 60, 61, 64, 65, 69, 70, 73, 75, 76, 80, 81, 85, 86, 87, 88], "summary": {"covered_lines": 49, "num_statements": 49, "percent_covered": 100.0, "percent_covered_display": "100", "missing_lines": 0, "excluded_lines": 0, "num_branches": 0, "num_partial_branches": 0, "covered_branches": 0, "missing_branches": 0}, "missing_lines": [], "excluded_lines": [], "executed_branches": [], "missing_branches": []}}, "classes": {"TagSchema": {"executed_lines": [], "summary": {"covered_lines": 0, "num_statements": 0, "percent_covered": 100.0, "percent_covered_display": "100", "missing_lines": 0, "excluded_lines": 0, "num_branches": 0, "num_partial_branches": 0, "covered_branches": 0, "missing_branches": 0}, "missing_lines": [], "excluded_lines": [], "executed_branches": [], "missing_branches": []}, "ArticleSchema": {"executed_lines": [], "summary": {"covered_lines": 0, "num_statements": 3, "percent_covered": 0.0, "percent_covered_display": "0", "missing_lines": 3, "excluded_lines": 0, "num_branches": 0, "num_partial_branches": 0, "covered_branches": 0, "missing_branches": 0}, "missing_lines": [27, 31, 32], "excluded_lines": [], "executed_branches": [], "missing_branches": []}, "ArticleSchema.Meta": {"executed_lines": [], "summary": {"covered_lines": 0, "num_statements": 0, "percent_covered": 100.0, "percent_covered_display": "100", "missing_lines": 0, "excluded_lines": 0, "num_branches": 0, "num_partial_branches": 0, "covered_branches": 0, "missing_branches": 0}, "missing_lines": [], "excluded_lines": [], "executed_branches": [], "missing_branches": []}, "ArticleSchemas": {"executed_lines": [47], "summary": {"covered_lines": 1, "num_statements": 3, "percent_covered": 33.333333333333336, "percent_covered_display": "33", "missing_lines": 2, "excluded_lines": 0, "num_branches": 0, "num_partial_branches": 0, "covered_branches": 0, "missing_branches": 0}, "missing_lines": [42, 43], "excluded_lines": [], "executed_branches": [], "missing_branches": []}, "CommentSchema": {"executed_lines": [], "summary": {"covered_lines": 0, "num_statements": 3, "percent_covered": 0.0, "percent_covered_display": "0", "missing_lines": 3, "excluded_lines": 0, "num_branches": 0, "num_partial_branches": 0, "covered_branches": 0, "missing_branches": 0}, "missing_lines": [62, 66, 67], "excluded_lines": [], "executed_branches": [], "missing_branches": []}, "CommentSchema.Meta": {"executed_lines": [], "summary": {"covered_lines": 0, "num_statements": 0, "percent_covered": 100.0, "percent_covered_display": "100", "missing_lines": 0, "excluded_lines": 0, "num_branches": 0, "num_partial_branches": 0, "covered_branches": 0, "missing_branches": 0}, "missing_lines": [], "excluded_lines": [], "executed_branches": [], "missing_branches": []}, "CommentsSchema": {"executed_lines": [], "summary": {"covered_lines": 0, "num_statements": 3, "percent_covered": 0.0, "percent_covered_display": "0", "missing_lines": 3, "excluded_lines": 0, "num_branches": 0, "num_partial_branches": 0, "covered_branches": 0, "missing_branches": 0}, "missing_lines": [77, 78, 82], "excluded_lines": [], "executed_branches": [], "missing_branches": []}, "": {"executed_lines": [3, 5, 8, 9, 12, 13, 14, 15, 16, 17, 18, 19, 20, 21, 22, 23, 25, 26, 29, 30, 34, 35, 38, 40, 41, 45, 46, 50, 51, 52, 53, 54, 55, 58, 60, 61, 64, 65, 69, 70, 73, 75, 76, 80, 81, 85, 86, 87, 88], "summary": {"covered_lines": 49, "num_statements": 49, "percent_covered": 100.0, "percent_covered_display": "100", "missing_lines": 0, "excluded_lines": 0, "num_branches": 0, "num_partial_branches": 0, "covered_branches": 0, "missing_branches": 0}, "missing_lines": [], "excluded_lines": [], "executed_branches": [], "missing_branches": []}}}, "conduit/articles/views.py": {"executed_lines": [3, 5, 6, 7, 8, 10, 11, 12, 13, 16, 23, 24, 25, 27, 28, 29, 30, 32, 34, 36, 39, 40, 41, 42, 43, 57, 58, 59, 60, 61, 70, 71, 72, 78, 79, 80, 81, 82, 83, 84, 88, 89, 90, 91, 101, 102, 103, 104, 114, 115, 116, 117, 118, 127, 128, 137, 138, 139, 140, 141, 142, 146, 147, 148, 149, 150, 159, 160, 161], "summary": {"covered_lines": 69, "num_statements": 121, "percent_covered": 50.34013605442177, "percent_covered_display": "50", "missing_lines": 52, "excluded_lines": 0, "num_branches": 26, "num_partial_branches": 5, "covered_branches": 5, "missing_branches": 21}, "missing_lines": [31, 33, 35, 44, 46, 47, 48, 49, 50, 51, 52, 53, 54, 62, 63, 64, 65, 66, 67, 73, 74, 75, 85, 92, 93, 94, 95, 96, 97, 98, 105, 106, 107, 108, 109, 110, 111, 119, 129, 143, 151, 152, 153, 154, 155, 156, 162, 163, 164, 166, 167, 168], "excluded_lines": [], "executed_branches": [[30, 32], [32, 34], [34, 36], [83, 84], [141, 142]], "missing_branches": [[30, 31], [32, 33], [34, 35], [46, 47], [46, 53], [47, 48], [47, 53], [49, 50], [49, 52], [63, 64], [63, 65], [83, 85], [94, 95], [94, 96], [107, 108], [107, 109], [141, 143], [152, 153], [152, 154], [163, 164], [163, 166]], "functions": {"get_articles": {"executed_lines": [29, 30, 32, 34, 36], "summary": {"covered_lines": 5, "num_statements": 8, "percent_covered": 57.142857142857146, "percent_covered_display": "57", "missing_lines": 3, "excluded_lines": 0, "num_branches": 6, "num_partial_branches": 3, "covered_branches": 3, "missing_branches": 3}, "missing_lines": [31, 33, 35], "excluded_lines": [], "executed_branches": [[30, 32], [32, 34], [34, 36]], "missing_branches": [[30, 31], [32, 33], [34, 35]]}, "make_article": {"executed_lines": [], "summary": {"covered_lines": 0, "num_statements": 10, "percent_covered": 0.0, "percent_covered_display": "0", "missing_lines": 10, "excluded_lines": 0, "num_branches": 6, "num_partial_branches": 0, "covered_branches": 0, "missing_branches": 6}, "missing_lines": [44, 46, 47, 48, 49, 50, 51, 52, 53, 54], "excluded_lines": [], "executed_branches": [], "missing_branches": [[46, 47], [46, 53], [47, 48], [47, 53], [49, 50], [49, 52]]}, "update_article": {"executed_lines": [], "summary": {"covered_lines": 0, "num_statements": 6, "percent_covered": 0.0, "percent_covered_display": "0", "missing_lines": 6, "excluded_lines": 0, "num_branches": 2, "num_partial_branches": 0, "covered_branches": 0, "missing_branches": 2}, "missing_lines": [62, 63, 64, 65, 66, 67], "excluded_lines": [], "executed_branches": [], "missing_branches": [[63, 64], [63, 65]]}, "delete_article": {"executed_lines": [], "summary": {"covered_lines": 0, "num_statements": 3, "percent_covered": 0.0, "percent_covered_display": "0", "missing_lines": 3, "excluded_lines": 0, "num_branches": 0, "num_partial_branches": 0, "covered_branches": 0, "missing_branches": 0}, "missing_lines": [73, 74, 75], "excluded_lines": [], "executed_branches": [], "missing_branches": []}, "get_article": {"executed_lines": [82, 83, 84], "summary": {"covered_lines": 3, "num_statements": 4, "percent_covered": 66.66666666666667, "percent_covered_display": "67", "missing_lines": 1, "excluded_lines": 0, "num_branches": 2, "num_partial_branches": 1, "covered_branches": 1, "missing_branches": 1}, "missing_lines": [85], "excluded_lines": [], "executed_branches": [[83, 84]], "missing_branches": [[83, 85]]}, "favorite_an_article": {"executed_lines": [], "summary": {"covered_lines": 0, "num_statements": 7, "percent_covered": 0.0, "percent_covered_display": "0", "missing_lines": 7, "excluded_lines": 0, "num_branches": 2, "num_partial_branches": 0, "covered_branches": 0, "missing_branches": 2}, "missing_lines": [92, 93, 94, 95, 96, 97, 98], "excluded_lines": [], "executed_branches": [], "missing_branches": [[94, 95], [94, 96]]}, "unfavorite_an_article": {"executed_lines": [], "summary": {"covered_lines": 0, "num_statements": 7, "percent_covered": 0.0, "percent_covered_display": "0", "missing_lines": 7, "excluded_lines": 0, "num_branches": 2, "num_partial_branches": 0, "covered_branches": 0, "missing_branches": 2}, "missing_lines": [105, 106, 107, 108, 109, 110, 111], "excluded_lines": [], "executed_branches": [], "missing_branches": [[107, 108], [107, 109]]}, "articles_feed": {"executed_lines": [], "summary": {"covered_lines": 0, "num_statements": 1, "percent_covered": 0.0, "percent_covered_display": "0", "missing_lines": 1, "excluded_lines": 0, "num_branches": 0, "num_partial_branches": 0, "covered_branches": 0, "missing_branches": 0}, "missing_lines": [119], "excluded_lines": [], "executed_branches": [], "missing_branches": []}, "get_tags": {"executed_lines": [], "summary": {"covered_lines": 0, "num_statements": 1, "percent_covered": 0.0, "percent_covered_display": "0", "missing_lines": 1, "excluded_lines": 0, "num_branches": 0, "num_partial_branches": 0, "covered_branches": 0, "missing_branches": 0}, "missing_lines": [129], "excluded_lines": [], "executed_branches": [], "missing_branches": []}, "get_comments": {"executed_lines": [140, 141, 142], "summary": {"covered_lines": 3, "num_statements": 4, "percent_covered": 66.66666666666667, "percent_covered_display": "67", "missing_lines": 1, "excluded_lines": 0, "num_branches": 2, "num_partial_branches": 1, "covered_branches": 1, "missing_branches": 1}, "missing_lines": [143], "excluded_lines": [], "executed_branches": [[141, 142]], "missing_branches": [[141, 143]]}, "make_comment_on_article": {"executed_lines": [], "summary": {"covered_lines": 0, "num_statements": 6, "percent_covered": 0.0, "percent_covered_display": "0", "missing_lines": 6, "excluded_lines": 0, "num_branches": 2, "num_partial_branches": 0, "covered_branches": 0, "missing_branches": 2}, "missing_lines": [151, 152, 153, 154, 155, 156], "excluded_lines": [], "executed_branches": [], "missing_branches": [[152, 153], [152, 154]]}, "delete_comment_on_article": {"executed_lines": [], "summary": {"covered_lines": 0, "num_statements": 6, "percent_covered": 0.0, "percent_covered_display": "0", "missing_lines": 6, "excluded_lines": 0, "num_branches": 2, "num_partial_branches": 0, "covered_branches": 0, "missing_branches": 2}, "missing_lines": [162, 163, 164, 166, 167, 168], "excluded_lines": [], "executed_branches": [], "missing_branches": [[163, 164], [163, 166]]}, "": {"executed_lines": [3, 5, 6, 7, 8, 10, 11, 12, 13, 16, 23, 24, 25, 27, 28, 39, 40, 41, 42, 43, 57, 58, 59, 60, 61, 70, 71, 72, 78, 79, 80, 81, 88, 89, 90, 91, 101, 102, 103, 104, 114, 115, 116, 117, 118, 127, 128, 137, 138, 139, 146, 147, 148, 149, 150, 159, 160, 161], "summary": {"covered_lines": 58, "num_statements": 58, "percent_covered": 100.0, "percent_covered_display": "100", "missing_lines": 0, "excluded_lines": 0, "num_branches": 0, "num_partial_branches": 0, "covered_branches": 0, "missing_branches": 0}, "missing_lines": [], "excluded_lines": [], "executed_branches": [], "missing_branches": []}}, "classes": {"": {"executed_lines": [3, 5, 6, 7, 8, 10, 11, 12, 13, 16, 23, 24, 25, 27, 28, 29, 30, 32, 34, 36, 39, 40, 41, 42, 43, 57, 58, 59, 60, 61, 70, 71, 72, 78, 79, 80, 81, 82, 83, 84, 88, 89, 90, 91, 101, 102, 103, 104, 114, 115, 116, 117, 118, 127, 128, 137, 138, 139, 140, 141, 142, 146, 147, 148, 149, 150, 159, 160, 161], "summary": {"covered_lines": 69, "num_statements": 121, "percent_covered": 50.34013605442177, "percent_covered_display": "50", "missing_lines": 52, "excluded_lines": 0, "num_branches": 26, "num_partial_branches": 5, "covered_branches": 5, "missing_branches": 21}, "missing_lines": [31, 33, 35, 44, 46, 47, 48, 49, 50, 51, 52, 53, 54, 62, 63, 64, 65, 66, 67, 73, 74, 75, 85, 92, 93, 94, 95, 96, 97, 98, 105, 106, 107, 108, 109, 110, 111, 119, 129, 143, 151, 152, 153, 154, 155, 156, 162, 163, 164, 166, 167, 168], "excluded_lines": [], "executed_branches": [[30, 32], [32, 34], [34, 36], [83, 84], [141, 142]], "missing_branches": [[30, 31], [32, 33], [34, 35], [46, 47], [46, 53], [47, 48], [47, 53], [49, 50], [49, 52], [63, 64], [63, 65], [83, 85], [94, 95], [94, 96], [107, 108], [107, 109], [141, 143], [152, 153], [152, 154], [163, 164], [163, 166]]}}}, "conduit/commands.py": {"executed_lines": [2, 3, 4, 5, 7, 8, 9, 10, 12, 13, 14, 17, 18, 25, 26, 28, 50, 51, 64, 65, 67, 69, 70], "summary": {"covered_lines": 22, "num_statements": 79, "percent_covered": 21.782178217821784, "percent_covered_display": "22", "missing_lines": 57, "excluded_lines": 0, "num_branches": 22, "num_partial_branches": 0, "covered_branches": 0, "missing_branches": 22}, "missing_lines": [20, 21, 22, 30, 31, 32, 34, 37, 39, 40, 41, 42, 43, 45, 46, 47, 56, 57, 58, 59, 60, 61, 75, 76, 78, 79, 80, 83, 84, 85, 86, 87, 89, 92, 93, 94, 96, 97, 99, 100, 101, 102, 103, 105, 106, 107, 109, 110, 112, 113, 114, 116, 117, 119, 120, 122, 123], "excluded_lines": [], "executed_branches": [], "missing_branches": [[42, -37], [42, 43], [45, 46], [45, 47], [56, -50], [56, 57], [57, 56], [57, 58], [58, 57], [58, 59], [78, 79], [78, 89], [92, 93], [92, 94], [99, 100], [99, 105], [105, 106], [105, 112], [112, 113], [112, 119], [122, -64], [122, 123]], "functions": {"test": {"executed_lines": [], "summary": {"covered_lines": 0, "num_statements": 3, "percent_covered": 0.0, "percent_covered_display": "0", "missing_lines": 3, "excluded_lines": 0, "num_branches": 0, "num_partial_branches": 0, "covered_branches": 0, "missing_branches": 0}, "missing_lines": [20, 21, 22], "excluded_lines": [], "executed_branches": [], "missing_branches": []}, "lint": {"executed_lines": [], "summary": {"covered_lines": 0, "num_statements": 8, "percent_covered": 0.0, "percent_covered_display": "0", "missing_lines": 8, "excluded_lines": 0, "num_branches": 2, "num_partial_branches": 0, "covered_branches": 0, "missing_branches": 2}, "missing_lines": [30, 31, 32, 34, 37, 45, 46, 47], "excluded_lines": [], "executed_branches": [], "missing_branches": [[45, 46], [45, 47]]}, "lint.execute_tool": {"executed_lines": [], "summary": {"covered_lines": 0, "num_statements": 5, "percent_covered": 0.0, "percent_covered_display": "0", "missing_lines": 5, "excluded_lines": 0, "num_branches": 2, "num_partial_branches": 0, "covered_branches": 0, "missing_branches": 2}, "missing_lines": [39, 40, 41, 42, 43], "excluded_lines": [], "executed_branches": [], "missing_branches": [[42, -37], [42, 43]]}, "clean": {"executed_lines": [], "summary": {"covered_lines": 0, "num_statements": 6, "percent_covered": 0.0, "percent_covered_display": "0", "missing_lines": 6, "excluded_lines": 0, "num_branches": 6, "num_partial_branches": 0, "covered_branches": 0, "missing_branches": 6}, "missing_lines": [56, 57, 58, 59, 60, 61], "excluded_lines": [], "executed_branches": [], "missing_branches": [[56, -50], [56, 57], [57, 56], [57, 58], [58, 57], [58, 59]]}, "urls": {"executed_lines": [], "summary": {"covered_lines": 0, "num_statements": 35, "percent_covered": 0.0, "percent_covered_display": "0", "missing_lines": 35, "excluded_lines": 0, "num_branches": 12, "num_partial_branches": 0, "covered_branches": 0, "missing_branches": 12}, "missing_lines": [75, 76, 78, 79, 80, 83, 84, 85, 86, 87, 89, 92, 93, 94, 96, 97, 99, 100, 101, 102, 103, 105, 106, 107, 109, 110, 112, 113, 114, 116, 117, 119, 120, 122, 123], "excluded_lines": [], "executed_branches": [], "missing_branches": [[78, 79], [78, 89], [92, 93], [92, 94], [99, 100], [99, 105], [105, 106], [105, 112], [112, 113], [112, 119], [122, -64], [122, 123]]}, "": {"executed_lines": [2, 3, 4, 5, 7, 8, 9, 10, 12, 13, 14, 17, 18, 25, 26, 28, 50, 51, 64, 65, 67, 69, 70], "summary": {"covered_lines": 22, "num_statements": 22, "percent_covered": 100.0, "percent_covered_display": "100", "missing_lines": 0, "excluded_lines": 0, "num_branches": 0, "num_partial_branches": 0, "covered_branches": 0, "missing_branches": 0}, "missing_lines": [], "excluded_lines": [], "executed_branches": [], "missing_branches": []}}, "classes": {"": {"executed_lines": [2, 3, 4, 5, 7, 8, 9, 10, 12, 13, 14, 17, 18, 25, 26, 28, 50, 51, 64, 65, 67, 69, 70], "summary": {"covered_lines": 22, "num_statements": 79, "percent_covered": 21.782178217821784, "percent_covered_display": "22", "missing_lines": 57, "excluded_lines": 0, "num_branches": 22, "num_partial_branches": 0, "covered_branches": 0, "missing_branches": 22}, "missing_lines": [20, 21, 22, 30, 31, 32, 34, 37, 39, 40, 41, 42, 43, 45, 46, 47, 56, 57, 58, 59, 60, 61, 75, 76, 78, 79, 80, 83, 84, 85, 86, 87, 89, 92, 93, 94, 96, 97, 99, 100, 101, 102, 103, 105, 106, 107, 109, 110, 112, 113, 114, 116, 117, 119, 120, 122, 123], "excluded_lines": [], "executed_branches": [], "missing_branches": [[42, -37], [42, 43], [45, 46], [45, 47], [56, -50], [56, 57], [57, 56], [57, 58], [58, 57], [58, 59], [78, 79], [78, 89], [92, 93], [92, 94], [99, 100], [99, 105], [105, 106], [105, 112], [112, 113], [112, 119], [122, -64], [122, 123]]}}}, "conduit/compat.py": {"executed_lines": [2, 3, 5, 7, 14, 15, 16, 17, 18], "summary": {"covered_lines": 8, "num_statements": 13, "percent_covered": 60.0, "percent_covered_display": "60", "missing_lines": 5, "excluded_lines": 0, "num_branches": 2, "num_partial_branches": 1, "covered_branches": 1, "missing_branches": 1}, "missing_lines": [8, 9, 10, 11, 12], "excluded_lines": [], "executed_branches": [[7, 14]], "missing_branches": [[7, 8]], "functions": {"": {"executed_lines": [2, 3, 5, 7, 14, 15, 16, 17, 18], "summary": {"covered_lines": 8, "num_statements": 13, "percent_covered": 60.0, "percent_covered_display": "60", "missing_lines": 5, "excluded_lines": 0, "num_branches": 2, "num_partial_branches": 1, "covered_branches": 1, "missing_branches": 1}, "missing_lines": [8, 9, 10, 11, 12], "excluded_lines": [], "executed_branches": [[7, 14]], "missing_branches": [[7, 8]]}}, "classes": {"": {"executed_lines": [2, 3, 5, 7, 14, 15, 16, 17, 18], "summary": {"covered_lines": 8, "num_statements": 13, "percent_covered": 60.0, "percent_covered_display": "60", "missing_lines": 5, "excluded_lines": 0, "num_branches": 2, "num_partial_branches": 1, "covered_branches": 1, "missing_branches": 1}, "missing_lines": [8, 9, 10, 11, 12], "excluded_lines": [], "executed_branches": [[7, 14]], "missing_branches": [[7, 8]]}}}, "conduit/database.py": {"executed_lines": [2, 3, 5, 6, 9, 10, 11, 15, 16, 20, 22, 24, 25, 34, 42], "summary": {"covered_lines": 13, "num_statements": 15, "percent_covered": 76.47058823529412, "percent_covered_display": "76", "missing_lines": 2, "excluded_lines": 0, "num_branches": 2, "num_partial_branches": 0, "covered_branches": 0, "missing_branches": 2}, "missing_lines": [27, 31], "excluded_lines": [], "executed_branches": [], "missing_branches": [[27, -24], [27, 31]], "functions": {"SurrogatePK.get_by_id": {"executed_lines": [], "summary": {"covered_lines": 0, "num_statements": 2, "percent_covered": 0.0, "percent_covered_display": "0", "missing_lines": 2, "excluded_lines": 0, "num_branches": 2, "num_partial_branches": 0, "covered_branches": 0, "missing_branches": 2}, "missing_lines": [27, 31], "excluded_lines": [], "executed_branches": [], "missing_branches": [[27, -24], [27, 31]]}, "reference_col": {"executed_lines": [42], "summary": {"covered_lines": 1, "num_statements": 1, "percent_covered": 100.0, "percent_covered_display": "100", "missing_lines": 0, "excluded_lines": 0, "num_branches": 0, "num_partial_branches": 0, "covered_branches": 0, "missing_branches": 0}, "missing_lines": [], "excluded_lines": [], "executed_branches": [], "missing_branches": []}, "": {"executed_lines": [2, 3, 5, 6, 9, 10, 11, 15, 16, 20, 22, 24, 25, 34], "summary": {"covered_lines": 12, "num_statements": 12, "percent_covered": 100.0, "percent_covered_display": "100", "missing_lines": 0, "excluded_lines": 0, "num_branches": 0, "num_partial_branches": 0, "covered_branches": 0, "missing_branches": 0}, "missing_lines": [], "excluded_lines": [], "executed_branches": [], "missing_branches": []}}, "classes": {"SurrogatePK": {"executed_lines": [], "summary": {"covered_lines": 0, "num_statements": 2, "percent_covered": 0.0, "percent_covered_display": "0", "missing_lines": 2, "excluded_lines": 0, "num_branches": 2, "num_partial_branches": 0, "covered_branches": 0, "missing_branches": 2}, "missing_lines": [27, 31], "excluded_lines": [], "executed_branches": [], "missing_branches": [[27, -24], [27, 31]]}, "": {"executed_lines": [2, 3, 5, 6, 9, 10, 11, 15, 16, 20, 22, 24, 25, 34, 42], "summary": {"covered_lines": 13, "num_statements": 13, "percent_covered": 100.0, "percent_covered_display": "100", "missing_lines": 0, "excluded_lines": 0, "num_branches": 0, "num_partial_branches": 0, "covered_branches": 0, "missing_branches": 0}, "missing_lines": [], "excluded_lines": [], "executed_branches": [], "missing_branches": []}}}, "conduit/exceptions.py": {"executed_lines": [1, 4, 5, 8, 9, 10, 11, 12, 13, 16, 17, 19, 20, 21, 22, 23, 24, 26, 27, 28, 30, 31, 32, 34, 35, 38, 39, 42, 43, 44, 46, 47, 50, 51], "summary": {"covered_lines": 34, "num_statements": 38, "percent_covered": 87.5, "percent_covered_display": "88", "missing_lines": 4, "excluded_lines": 0, "num_branches": 2, "num_partial_branches": 1, "covered_branches": 1, "missing_branches": 1}, "missing_lines": [36, 40, 48, 52], "excluded_lines": [], "executed_branches": [[22, 23]], "missing_branches": [[22, 24]], "functions": {"template": {"executed_lines": [5], "summary": {"covered_lines": 1, "num_statements": 1, "percent_covered": 100.0, "percent_covered_display": "100", "missing_lines": 0, "excluded_lines": 0, "num_branches": 0, "num_partial_branches": 0, "covered_branches": 0, "missing_branches": 0}, "missing_lines": [], "excluded_lines": [], "executed_branches": [], "missing_branches": []}, "InvalidUsage.__init__": {"executed_lines": [20, 21, 22, 23, 24], "summary": {"covered_lines": 5, "num_statements": 5, "percent_covered": 85.71428571428571, "percent_covered_display": "86", "missing_lines": 0, "excluded_lines": 0, "num_branches": 2, "num_partial_branches": 1, "covered_branches": 1, "missing_branches": 1}, "missing_lines": [], "excluded_lines": [], "executed_branches": [[22, 23]], "missing_branches": [[22, 24]]}, "InvalidUsage.to_json": {"executed_lines": [27, 28], "summary": {"covered_lines": 2, "num_statements": 2, "percent_covered": 100.0, "percent_covered_display": "100", "missing_lines": 0, "excluded_lines": 0, "num_branches": 0, "num_partial_branches": 0, "covered_branches": 0, "missing_branches": 0}, "missing_lines": [], "excluded_lines": [], "executed_branches": [], "missing_branches": []}, "InvalidUsage.user_not_found": {"executed_lines": [32], "summary": {"covered_lines": 1, "num_statements": 1, "percent_covered": 100.0, "percent_covered_display": "100", "missing_lines": 0, "excluded_lines": 0, "num_branches": 0, "num_partial_branches": 0, "covered_branches": 0, "missing_branches": 0}, "missing_lines": [], "excluded_lines": [], "executed_branches": [], "missing_branches": []}, "InvalidUsage.user_already_registered": {"executed_lines": [], "summary": {"covered_lines": 0, "num_statements": 1, "percent_covered": 0.0, "percent_covered_display": "0", "missing_lines": 1, "excluded_lines": 0, "num_branches": 0, "num_partial_branches": 0, "covered_branches": 0, "missing_branches": 0}, "missing_lines": [36], "excluded_lines": [], "executed_branches": [], "missing_branches": []}, "InvalidUsage.unknown_error": {"executed_lines": [], "summary": {"covered_lines": 0, "num_statements": 1, "percent_covered": 0.0, "percent_covered_display": "0", "missing_lines": 1, "excluded_lines": 0, "num_branches": 0, "num_partial_branches": 0, "covered_branches": 0, "missing_branches": 0}, "missing_lines": [40], "excluded_lines": [], "executed_branches": [], "missing_branches": []}, "InvalidUsage.article_not_found": {"executed_lines": [44], "summary": {"covered_lines": 1, "num_statements": 1, "percent_covered": 100.0, "percent_covered_display": "100", "missing_lines": 0, "excluded_lines": 0, "num_branches": 0, "num_partial_branches": 0, "covered_branches": 0, "missing_branches": 0}, "missing_lines": [], "excluded_lines": [], "executed_branches": [], "missing_branches": []}, "InvalidUsage.comment_not_owned": {"executed_lines": [], "summary": {"covered_lines": 0, "num_statements": 1, "percent_covered": 0.0, "percent_covered_display": "0", "missing_lines": 1, "excluded_lines": 0, "num_branches": 0, "num_partial_branches": 0, "covered_branches": 0, "missing_branches": 0}, "missing_lines": [48], "excluded_lines": [], "executed_branches": [], "missing_branches": []}, "InvalidUsage.my_fault": {"executed_lines": [], "summary": {"covered_lines": 0, "num_statements": 1, "percent_covered": 0.0, "percent_covered_display": "0", "missing_lines": 1, "excluded_lines": 0, "num_branches": 0, "num_partial_branches": 0, "covered_branches": 0, "missing_branches": 0}, "missing_lines": [52], "excluded_lines": [], "executed_branches": [], "missing_branches": []}, "": {"executed_lines": [1, 4, 8, 9, 10, 11, 12, 13, 16, 17, 19, 26, 30, 31, 34, 35, 38, 39, 42, 43, 46, 47, 50, 51], "summary": {"covered_lines": 24, "num_statements": 24, "percent_covered": 100.0, "percent_covered_display": "100", "missing_lines": 0, "excluded_lines": 0, "num_branches": 0, "num_partial_branches": 0, "covered_branches": 0, "missing_branches": 0}, "missing_lines": [], "excluded_lines": [], "executed_branches": [], "missing_branches": []}}, "classes": {"InvalidUsage": {"executed_lines": [20, 21, 22, 23, 24, 27, 28, 32, 44], "summary": {"covered_lines": 9, "num_statements": 13, "percent_covered": 66.66666666666667, "percent_covered_display": "67", "missing_lines": 4, "excluded_lines": 0, "num_branches": 2, "num_partial_branches": 1, "covered_branches": 1, "missing_branches": 1}, "missing_lines": [36, 40, 48, 52], "excluded_lines": [], "executed_branches": [[22, 23]], "missing_branches": [[22, 24]]}, "": {"executed_lines": [1, 4, 5, 8, 9, 10, 11, 12, 13, 16, 17, 19, 26, 30, 31, 34, 35, 38, 39, 42, 43, 46, 47, 50, 51], "summary": {"covered_lines": 25, "num_statements": 25, "percent_covered": 100.0, "percent_covered_display": "100", "missing_lines": 0, "excluded_lines": 0, "num_branches": 0, "num_partial_branches": 0, "covered_branches": 0, "missing_branches": 0}, "missing_lines": [], "excluded_lines": [], "executed_branches": [], "missing_branches": []}}}, "conduit/extensions.py": {"executed_lines": [2, 4, 5, 6, 7, 8, 9, 12, 13, 15, 16, 21, 27, 29, 30, 31, 32, 34, 40, 41, 42, 43, 44, 46, 48, 49, 50], "summary": {"covered_lines": 25, "num_statements": 32, "percent_covered": 72.22222222222223, "percent_covered_display": "72", "missing_lines": 7, "excluded_lines": 0, "num_branches": 4, "num_partial_branches": 1, "covered_branches": 1, "missing_branches": 3}, "missing_lines": [18, 19, 23, 24, 25, 36, 37], "excluded_lines": [], "executed_branches": [[30, 31]], "missing_branches": [[23, 24], [23, 25], [30, 32]], "functions": {"CRUDMixin.create": {"executed_lines": [], "summary": {"covered_lines": 0, "num_statements": 2, "percent_covered": 0.0, "percent_covered_display": "0", "missing_lines": 2, "excluded_lines": 0, "num_branches": 0, "num_partial_branches": 0, "covered_branches": 0, "missing_branches": 0}, "missing_lines": [18, 19], "excluded_lines": [], "executed_branches": [], "missing_branches": []}, "CRUDMixin.update": {"executed_lines": [], "summary": {"covered_lines": 0, "num_statements": 3, "percent_covered": 0.0, "percent_covered_display": "0", "missing_lines": 3, "excluded_lines": 0, "num_branches": 2, "num_partial_branches": 0, "covered_branches": 0, "missing_branches": 2}, "missing_lines": [23, 24, 25], "excluded_lines": [], "executed_branches": [], "missing_branches": [[23, 24], [23, 25]]}, "CRUDMixin.save": {"executed_lines": [29, 30, 31, 32], "summary": {"covered_lines": 4, "num_statements": 4, "percent_covered": 83.33333333333333, "percent_covered_display": "83", "missing_lines": 0, "excluded_lines": 0, "num_branches": 2, "num_partial_branches": 1, "covered_branches": 1, "missing_branches": 1}, "missing_lines": [], "excluded_lines": [], "executed_branches": [[30, 31]], "missing_branches": [[30, 32]]}, "CRUDMixin.delete": {"executed_lines": [], "summary": {"covered_lines": 0, "num_statements": 2, "percent_covered": 0.0, "percent_covered_display": "0", "missing_lines": 2, "excluded_lines": 0, "num_branches": 0, "num_partial_branches": 0, "covered_branches": 0, "missing_branches": 0}, "missing_lines": [36, 37], "excluded_lines": [], "executed_branches": [], "missing_branches": []}, "": {"executed_lines": [2, 4, 5, 6, 7, 8, 9, 12, 13, 15, 16, 21, 27, 34, 40, 41, 42, 43, 44, 46, 48, 49, 50], "summary": {"covered_lines": 21, "num_statements": 21, "percent_covered": 100.0, "percent_covered_display": "100", "missing_lines": 0, "excluded_lines": 0, "num_branches": 0, "num_partial_branches": 0, "covered_branches": 0, "missing_branches": 0}, "missing_lines": [], "excluded_lines": [], "executed_branches": [], "missing_branches": []}}, "classes": {"CRUDMixin": {"executed_lines": [29, 30, 31, 32], "summary": {"covered_lines": 4, "num_statements": 11, "percent_covered": 33.333333333333336, "percent_covered_display": "33", "missing_lines": 7, "excluded_lines": 0, "num_branches": 4, "num_partial_branches": 1, "covered_branches": 1, "missing_branches": 3}, "missing_lines": [18, 19, 23, 24, 25, 36, 37], "excluded_lines": [], "executed_branches": [[30, 31]], "missing_branches": [[23, 24], [23, 25], [30, 32]]}, "": {"executed_lines": [2, 4, 5, 6, 7, 8, 9, 12, 13, 15, 16, 21, 27, 34, 40, 41, 42, 43, 44, 46, 48, 49, 50], "summary": {"covered_lines": 21, "num_statements": 21, "percent_covered": 100.0, "percent_covered_display": "100", "missing_lines": 0, "excluded_lines": 0, "num_branches": 0, "num_partial_branches": 0, "covered_branches": 0, "missing_branches": 0}, "missing_lines": [], "excluded_lines": [], "executed_branches": [], "missing_branches": []}}}, "conduit/profile/__init__.py": {"executed_lines": [1], "summary": {"covered_lines": 1, "num_statements": 1, "percent_covered": 100.0, "percent_covered_display": "100", "missing_lines": 0, "excluded_lines": 0, "num_branches": 0, "num_partial_branches": 0, "covered_branches": 0, "missing_branches": 0}, "missing_lines": [], "excluded_lines": [], "executed_branches": [], "missing_branches": [], "functions": {"": {"executed_lines": [1], "summary": {"covered_lines": 1, "num_statements": 1, "percent_covered": 100.0, "percent_covered_display": "100", "missing_lines": 0, "excluded_lines": 0, "num_branches": 0, "num_partial_branches": 0, "covered_branches": 0, "missing_branches": 0}, "missing_lines": [], "excluded_lines": [], "executed_branches": [], "missing_branches": []}}, "classes": {"": {"executed_lines": [1], "summary": {"covered_lines": 1, "num_statements": 1, "percent_covered": 100.0, "percent_covered_display": "100", "missing_lines": 0, "excluded_lines": 0, "num_branches": 0, "num_partial_branches": 0, "covered_branches": 0, "missing_branches": 0}, "missing_lines": [], "excluded_lines": [], "executed_branches": [], "missing_branches": []}}}, "conduit/profile/models.py": {"executed_lines": [1, 3, 7, 12, 13, 16, 18, 19, 20, 27, 28, 30, 33, 39, 45, 46, 51, 52, 55, 56, 59, 60, 63, 64], "summary": {"covered_lines": 24, "num_statements": 40, "percent_covered": 52.17391304347826, "percent_covered_display": "52", "missing_lines": 16, "excluded_lines": 0, "num_branches": 6, "num_partial_branches": 0, "covered_branches": 0, "missing_branches": 6}, "missing_lines": [31, 34, 35, 36, 37, 40, 41, 42, 43, 47, 48, 49, 53, 57, 61, 65], "excluded_lines": [], "executed_branches": [], "missing_branches": [[34, 35], [34, 37], [40, 41], [40, 43], [47, 48], [47, 49]], "functions": {"UserProfile.__init__": {"executed_lines": [28], "summary": {"covered_lines": 1, "num_statements": 1, "percent_covered": 100.0, "percent_covered_display": "100", "missing_lines": 0, "excluded_lines": 0, "num_branches": 0, "num_partial_branches": 0, "covered_branches": 0, "missing_branches": 0}, "missing_lines": [], "excluded_lines": [], "executed_branches": [], "missing_branches": []}, "UserProfile.is_following": {"executed_lines": [], "summary": {"covered_lines": 0, "num_statements": 1, "percent_covered": 0.0, "percent_covered_display": "0", "missing_lines": 1, "excluded_lines": 0, "num_branches": 0, "num_partial_branches": 0, "covered_branches": 0, "missing_branches": 0}, "missing_lines": [31], "excluded_lines": [], "executed_branches": [], "missing_branches": []}, "UserProfile.follow": {"executed_lines": [], "summary": {"covered_lines": 0, "num_statements": 4, "percent_covered": 0.0, "percent_covered_display": "0", "missing_lines": 4, "excluded_lines": 0, "num_branches": 2, "num_partial_branches": 0, "covered_branches": 0, "missing_branches": 2}, "missing_lines": [34, 35, 36, 37], "excluded_lines": [], "executed_branches": [], "missing_branches": [[34, 35], [34, 37]]}, "UserProfile.unfollow": {"executed_lines": [], "summary": {"covered_lines": 0, "num_statements": 4, "percent_covered": 0.0, "percent_covered_display": "0", "missing_lines": 4, "excluded_lines": 0, "num_branches": 2, "num_partial_branches": 0, "covered_branches": 0, "missing_branches": 2}, "missing_lines": [40, 41, 42, 43], "excluded_lines": [], "executed_branches": [], "missing_branches": [[40, 41], [40, 43]]}, "UserProfile.following": {"executed_lines": [], "summary": {"covered_lines": 0, "num_statements": 3, "percent_covered": 0.0, "percent_covered_display": "0", "missing_lines": 3, "excluded_lines": 0, "num_branches": 2, "num_partial_branches": 0, "covered_branches": 0, "missing_branches": 2}, "missing_lines": [47, 48, 49], "excluded_lines": [], "executed_branches": [], "missing_branches": [[47, 48], [47, 49]]}, "UserProfile.username": {"executed_lines": [], "summary": {"covered_lines": 0, "num_statements": 1, "percent_covered": 0.0, "percent_covered_display": "0", "missing_lines": 1, "excluded_lines": 0, "num_branches": 0, "num_partial_branches": 0, "covered_branches": 0, "missing_branches": 0}, "missing_lines": [53], "excluded_lines": [], "executed_branches": [], "missing_branches": []}, "UserProfile.bio": {"executed_lines": [], "summary": {"covered_lines": 0, "num_statements": 1, "percent_covered": 0.0, "percent_covered_display": "0", "missing_lines": 1, "excluded_lines": 0, "num_branches": 0, "num_partial_branches": 0, "covered_branches": 0, "missing_branches": 0}, "missing_lines": [57], "excluded_lines": [], "executed_branches": [], "missing_branches": []}, "UserProfile.image": {"executed_lines": [], "summary": {"covered_lines": 0, "num_statements": 1, "percent_covered": 0.0, "percent_covered_display": "0", "missing_lines": 1, "excluded_lines": 0, "num_branches": 0, "num_partial_branches": 0, "covered_branches": 0, "missing_branches": 0}, "missing_lines": [61], "excluded_lines": [], "executed_branches": [], "missing_branches": []}, "UserProfile.email": {"executed_lines": [], "summary": {"covered_lines": 0, "num_statements": 1, "percent_covered": 0.0, "percent_covered_display": "0", "missing_lines": 1, "excluded_lines": 0, "num_branches": 0, "num_partial_branches": 0, "covered_branches": 0, "missing_branches": 0}, "missing_lines": [65], "excluded_lines": [], "executed_branches": [], "missing_branches": []}, "": {"executed_lines": [1, 3, 7, 12, 13, 16, 18, 19, 20, 27, 30, 33, 39, 45, 46, 51, 52, 55, 56, 59, 60, 63, 64], "summary": {"covered_lines": 23, "num_statements": 23, "percent_covered": 100.0, "percent_covered_display": "100", "missing_lines": 0, "excluded_lines": 0, "num_branches": 0, "num_partial_branches": 0, "covered_branches": 0, "missing_branches": 0}, "missing_lines": [], "excluded_lines": [], "executed_branches": [], "missing_branches": []}}, "classes": {"UserProfile": {"executed_lines": [28], "summary": {"covered_lines": 1, "num_statements": 17, "percent_covered": 4.3478260869565215, "percent_covered_display": "4", "missing_lines": 16, "excluded_lines": 0, "num_branches": 6, "num_partial_branches": 0, "covered_branches": 0, "missing_branches": 6}, "missing_lines": [31, 34, 35, 36, 37, 40, 41, 42, 43, 47, 48, 49, 53, 57, 61, 65], "excluded_lines": [], "executed_branches": [], "missing_branches": [[34, 35], [34, 37], [40, 41], [40, 43], [47, 48], [47, 49]]}, "": {"executed_lines": [1, 3, 7, 12, 13, 16, 18, 19, 20, 27, 30, 33, 39, 45, 46, 51, 52, 55, 56, 59, 60, 63, 64], "summary": {"covered_lines": 23, "num_statements": 23, "percent_covered": 100.0, "percent_covered_display": "100", "missing_lines": 0, "excluded_lines": 0, "num_branches": 0, "num_partial_branches": 0, "covered_branches": 0, "missing_branches": 0}, "missing_lines": [], "excluded_lines": [], "executed_branches": [], "missing_branches": []}}}, "conduit/profile/serializers.py": {"executed_lines": [1, 4, 5, 6, 7, 8, 9, 10, 12, 14, 15, 18, 19, 22, 23, 26, 27], "summary": {"covered_lines": 17, "num_statements": 19, "percent_covered": 89.47368421052632, "percent_covered_display": "89", "missing_lines": 2, "excluded_lines": 0, "num_branches": 0, "num_partial_branches": 0, "covered_branches": 0, "missing_branches": 0}, "missing_lines": [16, 20], "excluded_lines": [], "executed_branches": [], "missing_branches": [], "functions": {"ProfileSchema.make_user": {"executed_lines": [], "summary": {"covered_lines": 0, "num_statements": 1, "percent_covered": 0.0, "percent_covered_display": "0", "missing_lines": 1, "excluded_lines": 0, "num_branches": 0, "num_partial_branches": 0, "covered_branches": 0, "missing_branches": 0}, "missing_lines": [16], "excluded_lines": [], "executed_branches": [], "missing_branches": []}, "ProfileSchema.dump_user": {"executed_lines": [], "summary": {"covered_lines": 0, "num_statements": 1, "percent_covered": 0.0, "percent_covered_display": "0", "missing_lines": 1, "excluded_lines": 0, "num_branches": 0, "num_partial_branches": 0, "covered_branches": 0, "missing_branches": 0}, "missing_lines": [20], "excluded_lines": [], "executed_branches": [], "missing_branches": []}, "": {"executed_lines": [1, 4, 5, 6, 7, 8, 9, 10, 12, 14, 15, 18, 19, 22, 23, 26, 27], "summary": {"covered_lines": 17, "num_statements": 17, "percent_covered": 100.0, "percent_covered_display": "100", "missing_lines": 0, "excluded_lines": 0, "num_branches": 0, "num_partial_branches": 0, "covered_branches": 0, "missing_branches": 0}, "missing_lines": [], "excluded_lines": [], "executed_branches": [], "missing_branches": []}}, "classes": {"ProfileSchema": {"executed_lines": [], "summary": {"covered_lines": 0, "num_statements": 2, "percent_covered": 0.0, "percent_covered_display": "0", "missing_lines": 2, "excluded_lines": 0, "num_branches": 0, "num_partial_branches": 0, "covered_branches": 0, "missing_branches": 0}, "missing_lines": [16, 20], "excluded_lines": [], "executed_branches": [], "missing_branches": []}, "ProfileSchema.Meta": {"executed_lines": [], "summary": {"covered_lines": 0, "num_statements": 0, "percent_covered": 100.0, "percent_covered_display": "100", "missing_lines": 0, "excluded_lines": 0, "num_branches": 0, "num_partial_branches": 0, "covered_branches": 0, "missing_branches": 0}, "missing_lines": [], "excluded_lines": [], "executed_branches": [], "missing_branches": []}, "": {"executed_lines": [1, 4, 5, 6, 7, 8, 9, 10, 12, 14, 15, 18, 19, 22, 23, 26, 27], "summary": {"covered_lines": 17, "num_statements": 17, "percent_covered": 100.0, "percent_covered_display": "100", "missing_lines": 0, "excluded_lines": 0, "num_branches": 0, "num_partial_branches": 0, "covered_branches": 0, "missing_branches": 0}, "missing_lines": [], "excluded_lines": [], "executed_branches": [], "missing_branches": []}}}, "conduit/profile/views.py": {"executed_lines": [3, 4, 5, 7, 8, 9, 11, 14, 15, 16, 17, 24, 25, 26, 27, 36, 37, 38, 39], "summary": {"covered_lines": 19, "num_statements": 35, "percent_covered": 46.34146341463415, "percent_covered_display": "46", "missing_lines": 16, "excluded_lines": 0, "num_branches": 6, "num_partial_branches": 0, "covered_branches": 0, "missing_branches": 6}, "missing_lines": [18, 19, 20, 21, 28, 29, 30, 31, 32, 33, 40, 41, 42, 43, 44, 45], "excluded_lines": [], "executed_branches": [], "missing_branches": [[19, 20], [19, 21], [29, 30], [29, 31], [41, 42], [41, 43]], "functions": {"get_profile": {"executed_lines": [], "summary": {"covered_lines": 0, "num_statements": 4, "percent_covered": 0.0, "percent_covered_display": "0", "missing_lines": 4, "excluded_lines": 0, "num_branches": 2, "num_partial_branches": 0, "covered_branches": 0, "missing_branches": 2}, "missing_lines": [18, 19, 20, 21], "excluded_lines": [], "executed_branches": [], "missing_branches": [[19, 20], [19, 21]]}, "follow_user": {"executed_lines": [], "summary": {"covered_lines": 0, "num_statements": 6, "percent_covered": 0.0, "percent_covered_display": "0", "missing_lines": 6, "excluded_lines": 0, "num_branches": 2, "num_partial_branches": 0, "covered_branches": 0, "missing_branches": 2}, "missing_lines": [28, 29, 30, 31, 32, 33], "excluded_lines": [], "executed_branches": [], "missing_branches": [[29, 30], [29, 31]]}, "unfollow_user": {"executed_lines": [], "summary": {"covered_lines": 0, "num_statements": 6, "percent_covered": 0.0, "percent_covered_display": "0", "missing_lines": 6, "excluded_lines": 0, "num_branches": 2, "num_partial_branches": 0, "covered_branches": 0, "missing_branches": 2}, "missing_lines": [40, 41, 42, 43, 44, 45], "excluded_lines": [], "executed_branches": [], "missing_branches": [[41, 42], [41, 43]]}, "": {"executed_lines": [3, 4, 5, 7, 8, 9, 11, 14, 15, 16, 17, 24, 25, 26, 27, 36, 37, 38, 39], "summary": {"covered_lines": 19, "num_statements": 19, "percent_covered": 100.0, "percent_covered_display": "100", "missing_lines": 0, "excluded_lines": 0, "num_branches": 0, "num_partial_branches": 0, "covered_branches": 0, "missing_branches": 0}, "missing_lines": [], "excluded_lines": [], "executed_branches": [], "missing_branches": []}}, "classes": {"": {"executed_lines": [3, 4, 5, 7, 8, 9, 11, 14, 15, 16, 17, 24, 25, 26, 27, 36, 37, 38, 39], "summary": {"covered_lines": 19, "num_statements": 35, "percent_covered": 46.34146341463415, "percent_covered_display": "46", "missing_lines": 16, "excluded_lines": 0, "num_branches": 6, "num_partial_branches": 0, "covered_branches": 0, "missing_branches": 6}, "missing_lines": [18, 19, 20, 21, 28, 29, 30, 31, 32, 33, 40, 41, 42, 43, 44, 45], "excluded_lines": [], "executed_branches": [], "missing_branches": [[19, 20], [19, 21], [29, 30], [29, 31], [41, 42], [41, 43]]}}}, "conduit/settings.py": {"executed_lines": [2, 3, 4, 7, 8, 10, 11, 12, 13, 14, 15, 16, 17, 18, 19, 29, 32, 33, 35, 36, 37, 41, 42, 44, 45, 46, 48, 49, 50, 51, 54, 55, 57, 58, 59, 61], "summary": {"covered_lines": 31, "num_statements": 31, "percent_covered": 100.0, "percent_covered_display": "100", "missing_lines": 0, "excluded_lines": 0, "num_branches": 0, "num_partial_branches": 0, "covered_branches": 0, "missing_branches": 0}, "missing_lines": [], "excluded_lines": [], "executed_branches": [], "missing_branches": [], "functions": {"": {"executed_lines": [2, 3, 4, 7, 8, 10, 11, 12, 13, 14, 15, 16, 17, 18, 19, 29, 32, 33, 35, 36, 37, 41, 42, 44, 45, 46, 48, 49, 50, 51, 54, 55, 57, 58, 59, 61], "summary": {"covered_lines": 31, "num_statements": 31, "percent_covered": 100.0, "percent_covered_display": "100", "missing_lines": 0, "excluded_lines": 0, "num_branches": 0, "num_partial_branches": 0, "covered_branches": 0, "missing_branches": 0}, "missing_lines": [], "excluded_lines": [], "executed_branches": [], "missing_branches": []}}, "classes": {"Config": {"executed_lines": [], "summary": {"covered_lines": 0, "num_statements": 0, "percent_covered": 100.0, "percent_covered_display": "100", "missing_lines": 0, "excluded_lines": 0, "num_branches": 0, "num_partial_branches": 0, "covered_branches": 0, "missing_branches": 0}, "missing_lines": [], "excluded_lines": [], "executed_branches": [], "missing_branches": []}, "ProdConfig": {"executed_lines": [], "summary": {"covered_lines": 0, "num_statements": 0, "percent_covered": 100.0, "percent_covered_display": "100", "missing_lines": 0, "excluded_lines": 0, "num_branches": 0, "num_partial_branches": 0, "covered_branches": 0, "missing_branches": 0}, "missing_lines": [], "excluded_lines": [], "executed_branches": [], "missing_branches": []}, "DevConfig": {"executed_lines": [], "summary": {"covered_lines": 0, "num_statements": 0, "percent_covered": 100.0, "percent_covered_display": "100", "missing_lines": 0, "excluded_lines": 0, "num_branches": 0, "num_partial_branches": 0, "covered_branches": 0, "missing_branches": 0}, "missing_lines": [], "excluded_lines": [], "executed_branches": [], "missing_branches": []}, "TestConfig": {"executed_lines": [], "summary": {"covered_lines": 0, "num_statements": 0, "percent_covered": 100.0, "percent_covered_display": "100", "missing_lines": 0, "excluded_lines": 0, "num_branches": 0, "num_partial_branches": 0, "covered_branches": 0, "missing_branches": 0}, "missing_lines": [], "excluded_lines": [], "executed_branches": [], "missing_branches": []}, "": {"executed_lines": [2, 3, 4, 7, 8, 10, 11, 12, 13, 14, 15, 16, 17, 18, 19, 29, 32, 33, 35, 36, 37, 41, 42, 44, 45, 46, 48, 49, 50, 51, 54, 55, 57, 58, 59, 61], "summary": {"covered_lines": 31, "num_statements": 31, "percent_covered": 100.0, "percent_covered_display": "100", "missing_lines": 0, "excluded_lines": 0, "num_branches": 0, "num_partial_branches": 0, "covered_branches": 0, "missing_branches": 0}, "missing_lines": [], "excluded_lines": [], "executed_branches": [], "missing_branches": []}}}, "conduit/user/__init__.py": {"executed_lines": [2, 3], "summary": {"covered_lines": 1, "num_statements": 1, "percent_covered": 100.0, "percent_covered_display": "100", "missing_lines": 0, "excluded_lines": 0, "num_branches": 0, "num_partial_branches": 0, "covered_branches": 0, "missing_branches": 0}, "missing_lines": [], "excluded_lines": [], "executed_branches": [], "missing_branches": [], "functions": {"": {"executed_lines": [2, 3], "summary": {"covered_lines": 1, "num_statements": 1, "percent_covered": 100.0, "percent_covered_display": "100", "missing_lines": 0, "excluded_lines": 0, "num_branches": 0, "num_partial_branches": 0, "covered_branches": 0, "missing_branches": 0}, "missing_lines": [], "excluded_lines": [], "executed_branches": [], "missing_branches": []}}, "classes": {"": {"executed_lines": [2, 3], "summary": {"covered_lines": 1, "num_statements": 1, "percent_covered": 100.0, "percent_covered_display": "100", "missing_lines": 0, "excluded_lines": 0, "num_branches": 0, "num_partial_branches": 0, "covered_branches": 0, "missing_branches": 0}, "missing_lines": [], "excluded_lines": [], "executed_branches": [], "missing_branches": []}}}, "conduit/user/models.py": {"executed_lines": [2, 3, 5, 6, 9, 11, 12, 13, 14, 15, 16, 17, 18, 19, 21, 23, 24, 25, 29, 31, 33, 35, 37], "summary": {"covered_lines": 22, "num_statements": 24, "percent_covered": 88.46153846153847, "percent_covered_display": "88", "missing_lines": 2, "excluded_lines": 0, "num_branches": 2, "num_partial_branches": 1, "covered_branches": 1, "missing_branches": 1}, "missing_lines": [27, 39], "excluded_lines": [], "executed_branches": [[24, 25]], "missing_branches": [[24, 27]], "functions": {"User.__init__": {"executed_lines": [23, 24, 25], "summary": {"covered_lines": 3, "num_statements": 4, "percent_covered": 66.66666666666667, "percent_covered_display": "67", "missing_lines": 1, "excluded_lines": 0, "num_branches": 2, "num_partial_branches": 1, "covered_branches": 1, "missing_branches": 1}, "missing_lines": [27], "excluded_lines": [], "executed_branches": [[24, 25]], "missing_branches": [[24, 27]]}, "User.set_password": {"executed_lines": [31], "summary": {"covered_lines": 1, "num_statements": 1, "percent_covered": 100.0, "percent_covered_display": "100", "missing_lines": 0, "excluded_lines": 0, "num_branches": 0, "num_partial_branches": 0, "covered_branches": 0, "missing_branches": 0}, "missing_lines": [], "excluded_lines": [], "executed_branches": [], "missing_branches": []}, "User.check_password": {"executed_lines": [35], "summary": {"covered_lines": 1, "num_statements": 1, "percent_covered": 100.0, "percent_covered_display": "100", "missing_lines": 0, "excluded_lines": 0, "num_branches": 0, "num_partial_branches": 0, "covered_branches": 0, "missing_branches": 0}, "missing_lines": [], "excluded_lines": [], "executed_branches": [], "missing_branches": []}, "User.__repr__": {"executed_lines": [], "summary": {"covered_lines": 0, "num_statements": 1, "percent_covered": 0.0, "percent_covered_display": "0", "missing_lines": 1, "excluded_lines": 0, "num_branches": 0, "num_partial_branches": 0, "covered_branches": 0, "missing_branches": 0}, "missing_lines": [39], "excluded_lines": [], "executed_branches": [], "missing_branches": []}, "": {"executed_lines": [2, 3, 5, 6, 9, 11, 12, 13, 14, 15, 16, 17, 18, 19, 21, 29, 33, 37], "summary": {"covered_lines": 17, "num_statements": 17, "percent_covered": 100.0, "percent_covered_display": "100", "missing_lines": 0, "excluded_lines": 0, "num_branches": 0, "num_partial_branches": 0, "covered_branches": 0, "missing_branches": 0}, "missing_lines": [], "excluded_lines": [], "executed_branches": [], "missing_branches": []}}, "classes": {"User": {"executed_lines": [23, 24, 25, 31, 35], "summary": {"covered_lines": 5, "num_statements": 7, "percent_covered": 66.66666666666667, "percent_covered_display": "67", "missing_lines": 2, "excluded_lines": 0, "num_branches": 2, "num_partial_branches": 1, "covered_branches": 1, "missing_branches": 1}, "missing_lines": [27, 39], "excluded_lines": [], "executed_branches": [[24, 25]], "missing_branches": [[24, 27]]}, "": {"executed_lines": [2, 3, 5, 6, 9, 11, 12, 13, 14, 15, 16, 17, 18, 19, 21, 29, 33, 37], "summary": {"covered_lines": 17, "num_statements": 17, "percent_covered": 100.0, "percent_covered_display": "100", "missing_lines": 0, "excluded_lines": 0, "num_branches": 0, "num_partial_branches": 0, "covered_branches": 0, "missing_branches": 0}, "missing_lines": [], "excluded_lines": [], "executed_branches": [], "missing_branches": []}}}, "conduit/user/serializers.py": {"executed_lines": [3, 6, 7, 8, 9, 10, 11, 12, 13, 14, 16, 18, 19, 20, 23, 25, 27, 29, 30, 31, 33, 34, 37, 38], "summary": {"covered_lines": 24, "num_statements": 26, "percent_covered": 86.66666666666667, "percent_covered_display": "87", "missing_lines": 2, "excluded_lines": 0, "num_branches": 4, "num_partial_branches": 2, "covered_branches": 2, "missing_branches": 2}, "missing_lines": [24, 26], "excluded_lines": [], "executed_branches": [[23, 25], [25, 27]], "missing_branches": [[23, 24], [25, 26]], "functions": {"UserSchema.make_user": {"executed_lines": [20, 23, 25, 27], "summary": {"covered_lines": 4, "num_statements": 6, "percent_covered": 60.0, "percent_covered_display": "60", "missing_lines": 2, "excluded_lines": 0, "num_branches": 4, "num_partial_branches": 2, "covered_branches": 2, "missing_branches": 2}, "missing_lines": [24, 26], "excluded_lines": [], "executed_branches": [[23, 25], [25, 27]], "missing_branches": [[23, 24], [25, 26]]}, "UserSchema.dump_user": {"executed_lines": [31], "summary": {"covered_lines": 1, "num_statements": 1, "percent_covered": 100.0, "percent_covered_display": "100", "missing_lines": 0, "excluded_lines": 0, "num_branches": 0, "num_partial_branches": 0, "covered_branches": 0, "missing_branches": 0}, "missing_lines": [], "excluded_lines": [], "executed_branches": [], "missing_branches": []}, "": {"executed_lines": [3, 6, 7, 8, 9, 10, 11, 12, 13, 14, 16, 18, 19, 29, 30, 33, 34, 37, 38], "summary": {"covered_lines": 19, "num_statements": 19, "percent_covered": 100.0, "percent_covered_display": "100", "missing_lines": 0, "excluded_lines": 0, "num_branches": 0, "num_partial_branches": 0, "covered_branches": 0, "missing_branches": 0}, "missing_lines": [], "excluded_lines": [], "executed_branches": [], "missing_branches": []}}, "classes": {"UserSchema": {"executed_lines": [20, 23, 25, 27, 31], "summary": {"covered_lines": 5, "num_statements": 7, "percent_covered": 63.63636363636363, "percent_covered_display": "64", "missing_lines": 2, "excluded_lines": 0, "num_branches": 4, "num_partial_branches": 2, "covered_branches": 2, "missing_branches": 2}, "missing_lines": [24, 26], "excluded_lines": [], "executed_branches": [[23, 25], [25, 27]], "missing_branches": [[23, 24], [25, 26]]}, "UserSchema.Meta": {"executed_lines": [], "summary": {"covered_lines": 0, "num_statements": 0, "percent_covered": 100.0, "percent_covered_display": "100", "missing_lines": 0, "excluded_lines": 0, "num_branches": 0, "num_partial_branches": 0, "covered_branches": 0, "missing_branches": 0}, "missing_lines": [], "excluded_lines": [], "executed_branches": [], "missing_branches": []}, "": {"executed_lines": [3, 6, 7, 8, 9, 10, 11, 12, 13, 14, 16, 18, 19, 29, 30, 33, 34, 37, 38], "summary": {"covered_lines": 19, "num_statements": 19, "percent_covered": 100.0, "percent_covered_display": "100", "missing_lines": 0, "excluded_lines": 0, "num_branches": 0, "num_partial_branches": 0, "covered_branches": 0, "missing_branches": 0}, "missing_lines": [], "excluded_lines": [], "executed_branches": [], "missing_branches": []}}}, "conduit/user/views.py": {"executed_lines": [2, 3, 4, 5, 6, 8, 9, 10, 11, 12, 14, 17, 18, 19, 20, 21, 22, 23, 27, 30, 31, 32, 33, 34, 35, 36, 40, 43, 44, 45, 46, 53, 54, 55, 56, 57], "summary": {"covered_lines": 35, "num_statements": 51, "percent_covered": 63.1578947368421, "percent_covered_display": "63", "missing_lines": 16, "excluded_lines": 0, "num_branches": 6, "num_partial_branches": 1, "covered_branches": 1, "missing_branches": 5}, "missing_lines": [24, 25, 26, 37, 38, 47, 49, 50, 58, 60, 61, 62, 63, 64, 65, 66], "excluded_lines": [], "executed_branches": [[36, 40]], "missing_branches": [[36, 37], [61, 62], [61, 63], [63, 64], [63, 65]], "functions": {"register_user": {"executed_lines": [21, 22, 23, 27], "summary": {"covered_lines": 4, "num_statements": 7, "percent_covered": 57.142857142857146, "percent_covered_display": "57", "missing_lines": 3, "excluded_lines": 0, "num_branches": 0, "num_partial_branches": 0, "covered_branches": 0, "missing_branches": 0}, "missing_lines": [24, 25, 26], "excluded_lines": [], "executed_branches": [], "missing_branches": []}, "login_user": {"executed_lines": [35, 36, 40], "summary": {"covered_lines": 3, "num_statements": 5, "percent_covered": 57.142857142857146, "percent_covered_display": "57", "missing_lines": 2, "excluded_lines": 0, "num_branches": 2, "num_partial_branches": 1, "covered_branches": 1, "missing_branches": 1}, "missing_lines": [37, 38], "excluded_lines": [], "executed_branches": [[36, 40]], "missing_branches": [[36, 37]]}, "get_user": {"executed_lines": [], "summary": {"covered_lines": 0, "num_statements": 3, "percent_covered": 0.0, "percent_covered_display": "0", "missing_lines": 3, "excluded_lines": 0, "num_branches": 0, "num_partial_branches": 0, "covered_branches": 0, "missing_branches": 0}, "missing_lines": [47, 49, 50], "excluded_lines": [], "executed_branches": [], "missing_branches": []}, "update_user": {"executed_lines": [], "summary": {"covered_lines": 0, "num_statements": 8, "percent_covered": 0.0, "percent_covered_display": "0", "missing_lines": 8, "excluded_lines": 0, "num_branches": 4, "num_partial_branches": 0, "covered_branches": 0, "missing_branches": 4}, "missing_lines": [58, 60, 61, 62, 63, 64, 65, 66], "excluded_lines": [], "executed_branches": [], "missing_branches": [[61, 62], [61, 63], [63, 64], [63, 65]]}, "": {"executed_lines": [2, 3, 4, 5, 6, 8, 9, 10, 11, 12, 14, 17, 18, 19, 20, 30, 31, 32, 33, 34, 43, 44, 45, 46, 53, 54, 55, 56, 57], "summary": {"covered_lines": 28, "num_statements": 28, "percent_covered": 100.0, "percent_covered_display": "100", "missing_lines": 0, "excluded_lines": 0, "num_branches": 0, "num_partial_branches": 0, "covered_branches": 0, "missing_branches": 0}, "missing_lines": [], "excluded_lines": [], "executed_branches": [], "missing_branches": []}}, "classes": {"": {"executed_lines": [2, 3, 4, 5, 6, 8, 9, 10, 11, 12, 14, 17, 18, 19, 20, 21, 22, 23, 27, 30, 31, 32, 33, 34, 35, 36, 40, 43, 44, 45, 46, 53, 54, 55, 56, 57], "summary": {"covered_lines": 35, "num_statements": 51, "percent_covered": 63.1578947368421, "percent_covered_display": "63", "missing_lines": 16, "excluded_lines": 0, "num_branches": 6, "num_partial_branches": 1, "covered_branches": 1, "missing_branches": 5}, "missing_lines": [24, 25, 26, 37, 38, 47, 49, 50, 58, 60, 61, 62, 63, 64, 65, 66], "excluded_lines": [], "executed_branches": [[36, 40]], "missing_branches": [[36, 37], [61, 62], [61, 63], [63, 64], [63, 65]]}}}, "conduit/utils.py": {"executed_lines": [2, 3, 6, 10, 11], "summary": {"covered_lines": 4, "num_statements": 5, "percent_covered": 80.0, "percent_covered_display": "80", "missing_lines": 1, "excluded_lines": 0, "num_branches": 0, "num_partial_branches": 0, "covered_branches": 0, "missing_branches": 0}, "missing_lines": [7], "excluded_lines": [], "executed_branches": [], "missing_branches": [], "functions": {"jwt_identity": {"executed_lines": [], "summary": {"covered_lines": 0, "num_statements": 1, "percent_covered": 0.0, "percent_covered_display": "0", "missing_lines": 1, "excluded_lines": 0, "num_branches": 0, "num_partial_branches": 0, "covered_branches": 0, "missing_branches": 0}, "missing_lines": [7], "excluded_lines": [], "executed_branches": [], "missing_branches": []}, "identity_loader": {"executed_lines": [11], "summary": {"covered_lines": 1, "num_statements": 1, "percent_covered": 100.0, "percent_covered_display": "100", "missing_lines": 0, "excluded_lines": 0, "num_branches": 0, "num_partial_branches": 0, "covered_branches": 0, "missing_branches": 0}, "missing_lines": [], "excluded_lines": [], "executed_branches": [], "missing_branches": []}, "": {"executed_lines": [2, 3, 6, 10], "summary": {"covered_lines": 3, "num_statements": 3, "percent_covered": 100.0, "percent_covered_display": "100", "missing_lines": 0, "excluded_lines": 0, "num_branches": 0, "num_partial_branches": 0, "covered_branches": 0, "missing_branches": 0}, "missing_lines": [], "excluded_lines": [], "executed_branches": [], "missing_branches": []}}, "classes": {"": {"executed_lines": [2, 3, 6, 10, 11], "summary": {"covered_lines": 4, "num_statements": 5, "percent_covered": 80.0, "percent_covered_display": "80", "missing_lines": 1, "excluded_lines": 0, "num_branches": 0, "num_partial_branches": 0, "covered_branches": 0, "missing_branches": 0}, "missing_lines": [7], "excluded_lines": [], "executed_branches": [], "missing_branches": []}}}}, "totals": {"covered_lines": 490, "num_statements": 710, "percent_covered": 62.593516209476306, "percent_covered_display": "63", "missing_lines": 220, "excluded_lines": 0, "num_branches": 92, "num_partial_branches": 12, "covered_branches": 12, "missing_branches": 80}}